<?xml version="1.0" encoding="UTF-8"?>
<!-- Generated by org.testng.reporters.JUnitXMLReporter -->
<testsuite ignored="0" hostname="DESKTOP-7OE0Q5M" failures="0" tests="3" name="Test" time="78.41" errors="0" timestamp="2023-08-03T09:19:27 IST">
  <testcase classname="eCommerceProject.Flipkart" name="FlipkartTest" time="17.594"/>
  <testcase classname="eCommerceProject.Amazon" name="amazonTest" time="25.804"/>
  <testcase classname="eCommerceProject.Ajio" name="ajioTest" time="34.944"/>
</testsuite> <!-- Test -->
