<?xml version="1.0" encoding="UTF-8"?>
<testng-results ignored="0" total="3" passed="3" failed="0" skipped="0">
  <reporter-output>
    <line>
      <![CDATA[opening Flipkart]]>
    </line>
    <line>
      <![CDATA[opening amazon]]>
    </line>
    <line>
      <![CDATA[opening Ajio]]>
    </line>
  </reporter-output>
  <suite started-at="2023-08-03T09:18:08 IST" name="Suite" finished-at="2023-08-03T09:19:27 IST" duration-ms="78410">
    <groups>
    </groups>
    <test started-at="2023-08-03T09:18:08 IST" name="Test" finished-at="2023-08-03T09:19:27 IST" duration-ms="78410">
      <class name="eCommerceProject.Flipkart">
        <test-method signature="FlipkartTest()[pri:0, instance:eCommerceProject.Flipkart@7ec7ffd3]" started-at="2023-08-03T09:18:08 IST" name="FlipkartTest" finished-at="2023-08-03T09:18:26 IST" duration-ms="17594" status="PASS">
          <reporter-output>
            <line>
              <![CDATA[opening Flipkart]]>
            </line>
          </reporter-output>
        </test-method> <!-- FlipkartTest -->
      </class> <!-- eCommerceProject.Flipkart -->
      <class name="eCommerceProject.Ajio">
        <test-method signature="ajioTest()[pri:0, instance:eCommerceProject.Ajio@6c64cb25]" started-at="2023-08-03T09:18:52 IST" name="ajioTest" finished-at="2023-08-03T09:19:27 IST" duration-ms="34944" status="PASS">
          <reporter-output>
            <line>
              <![CDATA[opening Ajio]]>
            </line>
          </reporter-output>
        </test-method> <!-- ajioTest -->
      </class> <!-- eCommerceProject.Ajio -->
      <class name="eCommerceProject.Amazon">
        <test-method signature="amazonTest()[pri:0, instance:eCommerceProject.Amazon@245b4bdc]" started-at="2023-08-03T09:18:26 IST" name="amazonTest" finished-at="2023-08-03T09:18:52 IST" duration-ms="25804" status="PASS">
          <reporter-output>
            <line>
              <![CDATA[opening amazon]]>
            </line>
          </reporter-output>
        </test-method> <!-- amazonTest -->
      </class> <!-- eCommerceProject.Amazon -->
    </test> <!-- Test -->
  </suite> <!-- Suite -->
</testng-results>
